  Main.cpp
d:\c_project\machinevision\machinevision\main.cpp(49): warning C4244: “初始化”: 从“_Tp”转换到“int”，可能丢失数据
          with
          [
              _Tp=float
          ]
d:\c_project\machinevision\machinevision\main.cpp(56): warning C4244: “=”: 从“_Tp”转换到“int”，可能丢失数据
          with
          [
              _Tp=float
          ]
d:\c_project\machinevision\machinevision\main.cpp(62): warning C4244: “初始化”: 从“_Tp”转换到“int”，可能丢失数据
          with
          [
              _Tp=float
          ]
d:\c_project\machinevision\machinevision\main.cpp(68): warning C4244: “=”: 从“_Tp”转换到“int”，可能丢失数据
          with
          [
              _Tp=float
          ]
d:\c_project\machinevision\machinevision\main.cpp(74): warning C4244: “初始化”: 从“_Tp”转换到“int”，可能丢失数据
          with
          [
              _Tp=float
          ]
d:\c_project\machinevision\machinevision\main.cpp(81): warning C4244: “=”: 从“_Tp”转换到“int”，可能丢失数据
          with
          [
              _Tp=float
          ]
d:\c_project\machinevision\machinevision\main.cpp(101): warning C4244: “初始化”: 从“double”转换到“int”，可能丢失数据
d:\c_project\machinevision\machinevision\main.cpp(130): warning C4717: “main”: 如递归所有控件路径，函数将导致运行时堆栈溢出
  MachineVision.vcxproj -> D:\C_project\MachineVision\x64\Debug\MachineVision.exe
